# JRE version: Java(TM) SE Runtime Environment (14.0.1+7) (build 14.0.1+7)
# Java VM: Java HotSpot(TM) 64-Bit Server VM (14.0.1+7, mixed mode, sharing, tiered, compressed oops, g1 gc, windows-amd64)
Heap:
 garbage-first heap   total 39936K, used 20806K [0x00000000c4000000, 0x0000000100000000)
  region size 1024K, 2 young (2048K), 1 survivors (1024K)
 Metaspace       used 48122K, capacity 49187K, committed 49456K, reserved 1091584K
  class space    used 6218K, capacity 6664K, committed 6784K, reserved 1048576K
GC Heap History (20 events):
Event: 76.588 GC heap before
{Heap before GC invocations=22 (full 0):
 garbage-first heap   total 37888K, used 21981K [0x00000000c4000000, 0x0000000100000000)
  region size 1024K, 9 young (9216K), 2 survivors (2048K)
 Metaspace       used 34960K, capacity 35857K, committed 35888K, reserved 1081344K
  class space    used 4381K, capacity 4723K, committed 4736K, reserved 1048576K
}
Event: 76.594 GC heap after
{Heap after GC invocations=23 (full 0):
 garbage-first heap   total 37888K, used 16209K [0x00000000c4000000, 0x0000000100000000)
  region size 1024K, 1 young (1024K), 1 survivors (1024K)
 Metaspace       used 34960K, capacity 35857K, committed 35888K, reserved 1081344K
  class space    used 4381K, capacity 4723K, committed 4736K, reserved 1048576K
}
Event: 84.413 GC heap before
{Heap before GC invocations=24 (full 0):
 garbage-first heap   total 37888K, used 29521K [0x00000000c4000000, 0x0000000100000000)
  region size 1024K, 15 young (15360K), 1 survivors (1024K)
 Metaspace       used 37825K, capacity 38794K, committed 39088K, reserved 1083392K
  class space    used 4975K, capacity 5317K, committed 5376K, reserved 1048576K
}
Event: 84.419 GC heap after
{Heap after GC invocations=25 (full 0):
 garbage-first heap   total 37888K, used 16691K [0x00000000c4000000, 0x0000000100000000)
  region size 1024K, 2 young (2048K), 2 survivors (2048K)
 Metaspace       used 37825K, capacity 38794K, committed 39088K, reserved 1083392K
  class space    used 4975K, capacity 5317K, committed 5376K, reserved 1048576K
}
Event: 86.598 GC heap before
{Heap before GC invocations=25 (full 0):
 garbage-first heap   total 37888K, used 30003K [0x00000000c4000000, 0x0000000100000000)
  region size 1024K, 15 young (15360K), 2 survivors (2048K)
 Metaspace       used 40809K, capacity 41785K, committed 42032K, reserved 1085440K
  class space    used 5335K, capacity 5675K, committed 5760K, reserved 1048576K
}
Event: 86.609 GC heap after
{Heap after GC invocations=26 (full 0):
 garbage-first heap   total 37888K, used 17376K [0x00000000c4000000, 0x0000000100000000)
  region size 1024K, 2 young (2048K), 2 survivors (2048K)
 Metaspace       used 40809K, capacity 41785K, committed 42032K, reserved 1085440K
  class space    used 5335K, capacity 5675K, committed 5760K, reserved 1048576K
}
Event: 88.252 GC heap before
{Heap before GC invocations=26 (full 0):
 garbage-first heap   total 37888K, used 29664K [0x00000000c4000000, 0x0000000100000000)
  region size 1024K, 14 young (14336K), 2 survivors (2048K)
 Metaspace       used 42338K, capacity 43315K, committed 43568K, reserved 1087488K
  class space    used 5537K, capacity 5908K, committed 6016K, reserved 1048576K
}
Event: 88.262 GC heap after
{Heap after GC invocations=27 (full 0):
 garbage-first heap   total 37888K, used 18258K [0x00000000c4000000, 0x0000000100000000)
  region size 1024K, 2 young (2048K), 2 survivors (2048K)
 Metaspace       used 42338K, capacity 43315K, committed 43568K, reserved 1087488K
  class space    used 5537K, capacity 5908K, committed 6016K, reserved 1048576K
}
Event: 90.311 GC heap before
{Heap before GC invocations=28 (full 0):
 garbage-first heap   total 37888K, used 29522K [0x00000000c4000000, 0x0000000100000000)
  region size 1024K, 14 young (14336K), 2 survivors (2048K)
 Metaspace       used 43423K, capacity 44415K, committed 44720K, reserved 1087488K
  class space    used 5690K, capacity 6062K, committed 6144K, reserved 1048576K
}
Event: 90.317 GC heap after
{Heap after GC invocations=29 (full 0):
 garbage-first heap   total 37888K, used 19080K [0x00000000c4000000, 0x0000000100000000)
  region size 1024K, 2 young (2048K), 2 survivors (2048K)
 Metaspace       used 43423K, capacity 44415K, committed 44720K, reserved 1087488K
  class space    used 5690K, capacity 6062K, committed 6144K, reserved 1048576K
}
Event: 92.489 GC heap before
{Heap before GC invocations=29 (full 0):
 garbage-first heap   total 37888K, used 30344K [0x00000000c4000000, 0x0000000100000000)
  region size 1024K, 13 young (13312K), 2 survivors (2048K)
 Metaspace       used 44699K, capacity 45704K, committed 45872K, reserved 1089536K
  class space    used 5848K, capacity 6248K, committed 6272K, reserved 1048576K
}
Event: 92.504 GC heap after
{Heap after GC invocations=30 (full 0):
 garbage-first heap   total 37888K, used 19982K [0x00000000c4000000, 0x0000000100000000)
  region size 1024K, 2 young (2048K), 2 survivors (2048K)
 Metaspace       used 44699K, capacity 45704K, committed 45872K, reserved 1089536K
  class space    used 5848K, capacity 6248K, committed 6272K, reserved 1048576K
}
Event: 131.159 GC heap before
{Heap before GC invocations=31 (full 0):
 garbage-first heap   total 39936K, used 29198K [0x00000000c4000000, 0x0000000100000000)
  region size 1024K, 12 young (12288K), 2 survivors (2048K)
 Metaspace       used 46664K, capacity 47711K, committed 47920K, reserved 1091584K
  class space    used 6069K, capacity 6490K, committed 6528K, reserved 1048576K
}
Event: 131.166 GC heap after
{Heap after GC invocations=32 (full 0):
 garbage-first heap   total 39936K, used 20634K [0x00000000c4000000, 0x0000000100000000)
  region size 1024K, 2 young (2048K), 2 survivors (2048K)
 Metaspace       used 46664K, capacity 47711K, committed 47920K, reserved 1091584K
  class space    used 6069K, capacity 6490K, committed 6528K, reserved 1048576K
}
Event: 312.528 GC heap before
{Heap before GC invocations=32 (full 0):
 garbage-first heap   total 39936K, used 30874K [0x00000000c4000000, 0x0000000100000000)
  region size 1024K, 13 young (13312K), 2 survivors (2048K)
 Metaspace       used 48141K, capacity 49236K, committed 49456K, reserved 1091584K
  class space    used 6236K, capacity 6699K, committed 6784K, reserved 1048576K
}
Event: 312.548 GC heap after
{Heap after GC invocations=33 (full 0):
 garbage-first heap   total 39936K, used 20958K [0x00000000c4000000, 0x0000000100000000)
  region size 1024K, 1 young (1024K), 1 survivors (1024K)
 Metaspace       used 48141K, capacity 49236K, committed 49456K, reserved 1091584K
  class space    used 6236K, capacity 6699K, committed 6784K, reserved 1048576K
}
Event: 1122.977 GC heap before
{Heap before GC invocations=34 (full 0):
 garbage-first heap   total 39936K, used 32222K [0x00000000c4000000, 0x0000000100000000)
  region size 1024K, 12 young (12288K), 1 survivors (1024K)
 Metaspace       used 48164K, capacity 49300K, committed 49456K, reserved 1091584K
  class space    used 6236K, capacity 6699K, committed 6784K, reserved 1048576K
}
Event: 1122.981 GC heap after
{Heap after GC invocations=35 (full 0):
 garbage-first heap   total 39936K, used 20851K [0x00000000c4000000, 0x0000000100000000)
  region size 1024K, 1 young (1024K), 1 survivors (1024K)
 Metaspace       used 48164K, capacity 49300K, committed 49456K, reserved 1091584K
  class space    used 6236K, capacity 6699K, committed 6784K, reserved 1048576K
}
Event: 1908.662 GC heap before
{Heap before GC invocations=35 (full 0):
 garbage-first heap   total 39936K, used 32115K [0x00000000c4000000, 0x0000000100000000)
  region size 1024K, 12 young (12288K), 1 survivors (1024K)
 Metaspace       used 48196K, capacity 49303K, committed 49456K, reserved 1091584K
  class space    used 6237K, capacity 6700K, committed 6784K, reserved 1048576K
}
Event: 1908.666 GC heap after
{Heap after GC invocations=36 (full 0):
 garbage-first heap   total 39936K, used 20806K [0x00000000c4000000, 0x0000000100000000)
  region size 1024K, 1 young (1024K), 1 survivors (1024K)
 Metaspace       used 48196K, capacity 49303K, committed 49456K, reserved 1091584K
  class space    used 6237K, capacity 6700K, committed 6784K, reserved 1048576K
}

